Traceback (most recent call last):
  File "/opt/anaconda3/lib/python3.11/site-packages/jupyter_cache/executors/utils.py", line 58, in single_nb_execution
    executenb(
  File "/opt/anaconda3/lib/python3.11/site-packages/nbclient/client.py", line 1305, in execute
    return NotebookClient(nb=nb, resources=resources, km=km, **kwargs).execute()
           ^^^^^^^^^^^^^^^^^^^^^^^^^^^^^^^^^^^^^^^^^^^^^^^^^^^^^^^^^^^^^^^^^^^^^
  File "/opt/anaconda3/lib/python3.11/site-packages/jupyter_core/utils/__init__.py", line 173, in wrapped
    return loop.run_until_complete(inner)
           ^^^^^^^^^^^^^^^^^^^^^^^^^^^^^^
  File "/opt/anaconda3/lib/python3.11/asyncio/base_events.py", line 653, in run_until_complete
    return future.result()
           ^^^^^^^^^^^^^^^
  File "/opt/anaconda3/lib/python3.11/site-packages/nbclient/client.py", line 705, in async_execute
    await self.async_execute_cell(
  File "/opt/anaconda3/lib/python3.11/site-packages/nbclient/client.py", line 1058, in async_execute_cell
    await self._check_raise_for_error(cell, cell_index, exec_reply)
  File "/opt/anaconda3/lib/python3.11/site-packages/nbclient/client.py", line 914, in _check_raise_for_error
    raise CellExecutionError.from_cell_and_msg(cell, exec_reply_content)
nbclient.exceptions.CellExecutionError: An error occurred while executing the following cell:
------------------
from great_tables import GT
from great_tables.data import sp500
import package
from package import audio

# Define the start and end dates for the data range
start_date = "2010-06-07"
end_date = "2010-06-14"

# Filter sp500 using Pandas to dates between `start_date` and `end_date`
sp500_mini = sp500[(sp500["date"] >= start_date) & (sp500["date"] <= end_date)]

# Create a gt table based on the `sp500_mini` table data
(
    GT(sp500_mini)
    .tab_header(title="S&P 500", subtitle=f"{start_date} to {end_date}")
    .as_raw_html(audio.player(''))
    .fmt_currency(columns=["open", "high", "low", "close"])
    .fmt_date(columns="date", date_style="wd_m_day_year")
    .fmt_number(columns="volume", compact=True)
    .cols_hide(columns="adj_close")
)
------------------


[0;31m---------------------------------------------------------------------------[0m
[0;31mModuleNotFoundError[0m                       Traceback (most recent call last)
Cell [0;32mIn[1], line 3[0m
[1;32m      1[0m [38;5;28;01mfrom[39;00m [38;5;21;01mgreat_tables[39;00m [38;5;28;01mimport[39;00m GT
[1;32m      2[0m [38;5;28;01mfrom[39;00m [38;5;21;01mgreat_tables[39;00m[38;5;21;01m.[39;00m[38;5;21;01mdata[39;00m [38;5;28;01mimport[39;00m sp500
[0;32m----> 3[0m [38;5;28;01mimport[39;00m [38;5;21;01mpackage[39;00m
[1;32m      4[0m [38;5;28;01mfrom[39;00m [38;5;21;01mpackage[39;00m [38;5;28;01mimport[39;00m audio
[1;32m      6[0m [38;5;66;03m# Define the start and end dates for the data range[39;00m

[0;31mModuleNotFoundError[0m: No module named 'package'

