Traceback (most recent call last):
  File "/opt/anaconda3/lib/python3.11/site-packages/jupyter_cache/executors/utils.py", line 58, in single_nb_execution
    executenb(
  File "/opt/anaconda3/lib/python3.11/site-packages/nbclient/client.py", line 1305, in execute
    return NotebookClient(nb=nb, resources=resources, km=km, **kwargs).execute()
           ^^^^^^^^^^^^^^^^^^^^^^^^^^^^^^^^^^^^^^^^^^^^^^^^^^^^^^^^^^^^^^^^^^^^^
  File "/opt/anaconda3/lib/python3.11/site-packages/jupyter_core/utils/__init__.py", line 165, in wrapped
    return loop.run_until_complete(inner)
           ^^^^^^^^^^^^^^^^^^^^^^^^^^^^^^
  File "/opt/anaconda3/lib/python3.11/asyncio/base_events.py", line 654, in run_until_complete
    return future.result()
           ^^^^^^^^^^^^^^^
  File "/opt/anaconda3/lib/python3.11/site-packages/nbclient/client.py", line 705, in async_execute
    await self.async_execute_cell(
  File "/opt/anaconda3/lib/python3.11/site-packages/nbclient/client.py", line 1058, in async_execute_cell
    await self._check_raise_for_error(cell, cell_index, exec_reply)
  File "/opt/anaconda3/lib/python3.11/site-packages/nbclient/client.py", line 914, in _check_raise_for_error
    raise CellExecutionError.from_cell_and_msg(cell, exec_reply_content)
nbclient.exceptions.CellExecutionError: An error occurred while executing the following cell:
------------------
# HIDDEN
import kukukan
import pandas as pd
from IPython.display import HTML
from kukukan import player

df = pd.DataFrame({
    'Vowel': [
            'Up',
              'Down',
              'Up',
              'Right',
              'Left',
              'Left',
              'on',
             ],
    
    'Sound': 
    [
    player.playFromGitt('VOWEL',1),
    player.playFromGitt('VOWEL',2),        
    player.playFromGitt('VOWEL',3),
    player.playFromGitt('VOWEL',4),
    player.playFromGitt('VOWEL',5),
    player.playFromGitt('VOWEL',6),
    player.playFromGitt('VOWEL',7),
    ]
})

# df = df.style.set_table_styles(
#     [{'selector': 'td', 'props': [('text-align', 'center')]}]
# )

HTML(df.to_html(escape=False,index=False))
------------------


[0;31m---------------------------------------------------------------------------[0m
[0;31mImportError[0m                               Traceback (most recent call last)
Cell [0;32mIn[1], line 5[0m
[1;32m      3[0m [38;5;28;01mimport[39;00m [38;5;21;01mpandas[39;00m [38;5;28;01mas[39;00m [38;5;21;01mpd[39;00m
[1;32m      4[0m [38;5;28;01mfrom[39;00m [38;5;21;01mIPython[39;00m[38;5;21;01m.[39;00m[38;5;21;01mdisplay[39;00m [38;5;28;01mimport[39;00m HTML
[0;32m----> 5[0m [38;5;28;01mfrom[39;00m [38;5;21;01mkukukan[39;00m [38;5;28;01mimport[39;00m player
[1;32m      7[0m df [38;5;241m=[39m pd[38;5;241m.[39mDataFrame({
[1;32m      8[0m     [38;5;124m'[39m[38;5;124mVowel[39m[38;5;124m'[39m: [
[1;32m      9[0m             [38;5;124m'[39m[38;5;124mUp[39m[38;5;124m'[39m,
[0;32m   (...)[0m
[1;32m     27[0m     ]
[1;32m     28[0m })
[1;32m     30[0m [38;5;66;03m# df = df.style.set_table_styles([39;00m
[1;32m     31[0m [38;5;66;03m#     [{'selector': 'td', 'props': [('text-align', 'center')]}][39;00m
[1;32m     32[0m [38;5;66;03m# )[39;00m

[0;31mImportError[0m: cannot import name 'player' from 'kukukan' (/opt/anaconda3/lib/python3.11/site-packages/kukukan/__init__.py)

