Traceback (most recent call last):
  File "/opt/anaconda3/lib/python3.11/site-packages/jupyter_cache/executors/utils.py", line 58, in single_nb_execution
    executenb(
  File "/opt/anaconda3/lib/python3.11/site-packages/nbclient/client.py", line 1305, in execute
    return NotebookClient(nb=nb, resources=resources, km=km, **kwargs).execute()
           ^^^^^^^^^^^^^^^^^^^^^^^^^^^^^^^^^^^^^^^^^^^^^^^^^^^^^^^^^^^^^^^^^^^^^
  File "/opt/anaconda3/lib/python3.11/site-packages/jupyter_core/utils/__init__.py", line 173, in wrapped
    return loop.run_until_complete(inner)
           ^^^^^^^^^^^^^^^^^^^^^^^^^^^^^^
  File "/opt/anaconda3/lib/python3.11/asyncio/base_events.py", line 653, in run_until_complete
    return future.result()
           ^^^^^^^^^^^^^^^
  File "/opt/anaconda3/lib/python3.11/site-packages/nbclient/client.py", line 705, in async_execute
    await self.async_execute_cell(
  File "/opt/anaconda3/lib/python3.11/site-packages/nbclient/client.py", line 1058, in async_execute_cell
    await self._check_raise_for_error(cell, cell_index, exec_reply)
  File "/opt/anaconda3/lib/python3.11/site-packages/nbclient/client.py", line 914, in _check_raise_for_error
    raise CellExecutionError.from_cell_and_msg(cell, exec_reply_content)
nbclient.exceptions.CellExecutionError: An error occurred while executing the following cell:
------------------
import pandas as pd
from IPython.display import HTML
from package import audio

df = pd.DataFrame({
    'Vowel': ['ßŠ',
              'ß‹',
              'ßŒ',
              'ß',
              'ßŽ',
              'ß',
              'ß',
             ],
    
    'Sound': 
    [
    audio.player('resource/asset/audio/1_kan.mp3','DEV'),
    audio.player('resource/asset/audio/1_kan.mp3','DEV'),        
    audio.player('resource/asset/audio/1_kan.mp3','DEV'),
    audio.player('resource/asset/audio/1_kan.mp3','DEV'),
    audio.player('resource/asset/audio/1_kan.mp3','DEV'),
    audio.player('resource/asset/audio/1_kan.mp3','DEV'),
    audio.player('resource/asset/audio/1_kan.mp3','DEV'),
    ]
})


HTML(df.to_html(escape=False,index=False))
------------------


[0;31m---------------------------------------------------------------------------[0m
[0;31mModuleNotFoundError[0m                       Traceback (most recent call last)
Cell [0;32mIn[1], line 3[0m
[1;32m      1[0m [38;5;28;01mimport[39;00m [38;5;21;01mpandas[39;00m [38;5;28;01mas[39;00m [38;5;21;01mpd[39;00m
[1;32m      2[0m [38;5;28;01mfrom[39;00m [38;5;21;01mIPython[39;00m[38;5;21;01m.[39;00m[38;5;21;01mdisplay[39;00m [38;5;28;01mimport[39;00m HTML
[0;32m----> 3[0m [38;5;28;01mfrom[39;00m [38;5;21;01mpackage[39;00m [38;5;28;01mimport[39;00m audio
[1;32m      5[0m df [38;5;241m=[39m pd[38;5;241m.[39mDataFrame({
[1;32m      6[0m     [38;5;124m'[39m[38;5;124mVowel[39m[38;5;124m'[39m: [[38;5;124m'[39m[38;5;124mßŠ[39m[38;5;124m'[39m,
[1;32m      7[0m               [38;5;124m'[39m[38;5;124mß‹[39m[38;5;124m'[39m,
[0;32m   (...)[0m
[1;32m     24[0m     ]
[1;32m     25[0m })
[1;32m     28[0m HTML(df[38;5;241m.[39mto_html(escape[38;5;241m=[39m[38;5;28;01mFalse[39;00m,index[38;5;241m=[39m[38;5;28;01mFalse[39;00m))

File [0;32m~/Documents/Kukukan/kitab/mandenkan/package/audio.py:6[0m
[1;32m      4[0m [38;5;28;01mfrom[39;00m [38;5;21;01mIPython[39;00m[38;5;21;01m.[39;00m[38;5;21;01mdisplay[39;00m [38;5;28;01mimport[39;00m HTML
[1;32m      5[0m [38;5;28;01mfrom[39;00m [38;5;21;01mpackage[39;00m [38;5;28;01mimport[39;00m audio
[0;32m----> 6[0m [38;5;28;01mfrom[39;00m [38;5;21;01mkukufuckingkan[39;00m [38;5;28;01mimport[39;00m audio
[1;32m      8[0m [38;5;28;01mdef[39;00m [38;5;21mplayer[39m(filePath: [38;5;28mstr[39m, env: [38;5;28mstr[39m) [38;5;241m-[39m[38;5;241m>[39m [38;5;28mstr[39m:
[1;32m      9[0m     path [38;5;241m=[39m getPath(filePath, env)

[0;31mModuleNotFoundError[0m: No module named 'kukufuckingkan'

