Traceback (most recent call last):
  File "/opt/anaconda3/lib/python3.11/site-packages/jupyter_cache/executors/utils.py", line 58, in single_nb_execution
    executenb(
  File "/opt/anaconda3/lib/python3.11/site-packages/nbclient/client.py", line 1305, in execute
    return NotebookClient(nb=nb, resources=resources, km=km, **kwargs).execute()
           ^^^^^^^^^^^^^^^^^^^^^^^^^^^^^^^^^^^^^^^^^^^^^^^^^^^^^^^^^^^^^^^^^^^^^
  File "/opt/anaconda3/lib/python3.11/site-packages/jupyter_core/utils/__init__.py", line 165, in wrapped
    return loop.run_until_complete(inner)
           ^^^^^^^^^^^^^^^^^^^^^^^^^^^^^^
  File "/opt/anaconda3/lib/python3.11/asyncio/base_events.py", line 654, in run_until_complete
    return future.result()
           ^^^^^^^^^^^^^^^
  File "/opt/anaconda3/lib/python3.11/site-packages/nbclient/client.py", line 705, in async_execute
    await self.async_execute_cell(
  File "/opt/anaconda3/lib/python3.11/site-packages/nbclient/client.py", line 1058, in async_execute_cell
    await self._check_raise_for_error(cell, cell_index, exec_reply)
  File "/opt/anaconda3/lib/python3.11/site-packages/nbclient/client.py", line 914, in _check_raise_for_error
    raise CellExecutionError.from_cell_and_msg(cell, exec_reply_content)
nbclient.exceptions.CellExecutionError: An error occurred while executing the following cell:
------------------
# HIDDEN
import kukukan
import pandas as pd
from IPython.display import HTML
from kukukan import image,sound

df = pd.DataFrame({
   'Entity': [
            image.player(1,"entity","general",900,900)
             ],
})

HTML(df.to_html(escape=False,index=False))

------------------


[0;31m---------------------------------------------------------------------------[0m
[0;31mTypeError[0m                                 Traceback (most recent call last)
Cell [0;32mIn[1], line 9[0m
[1;32m      4[0m [38;5;28;01mfrom[39;00m [38;5;21;01mIPython[39;00m[38;5;21;01m.[39;00m[38;5;21;01mdisplay[39;00m [38;5;28;01mimport[39;00m HTML
[1;32m      5[0m [38;5;28;01mfrom[39;00m [38;5;21;01mkukukan[39;00m [38;5;28;01mimport[39;00m image,sound
[1;32m      7[0m df [38;5;241m=[39m pd[38;5;241m.[39mDataFrame({
[1;32m      8[0m    [38;5;124m'[39m[38;5;124mEntity[39m[38;5;124m'[39m: [
[0;32m----> 9[0m             image[38;5;241m.[39mplayer([38;5;241m1[39m,[38;5;124m"[39m[38;5;124mentity[39m[38;5;124m"[39m,[38;5;124m"[39m[38;5;124mgeneral[39m[38;5;124m"[39m,[38;5;241m900[39m,[38;5;241m900[39m)
[1;32m     10[0m              ],
[1;32m     11[0m })
[1;32m     13[0m HTML(df[38;5;241m.[39mto_html(escape[38;5;241m=[39m[38;5;28;01mFalse[39;00m,index[38;5;241m=[39m[38;5;28;01mFalse[39;00m))

[0;31mTypeError[0m: player() takes 3 positional arguments but 5 were given

